1                                                          The SAS System                          11:13 Tuesday, September 22, 2015

NOTE: Unable to open SASUSER.REGSTRY. WORK.REGSTRY will be opened instead.
NOTE: All registry changes will be lost at the end of the session.

WARNING: Unable to copy SASUSER registry to WORK registry. Because of this, you will not see registry customizations during this 
         session.
NOTE: Unable to open SASUSER.PROFILE. WORK.PROFILE will be opened instead.
NOTE: All profile changes will be lost at the end of the session.
NOTE: Copyright (c) 2002-2010 by SAS Institute Inc., Cary, NC, USA. 
NOTE: SAS (r) Proprietary Software 9.3 (TS1M2) 
      Licensed to GROUP HEALTH COOPERATIVE, Site 70084509.
NOTE: This session is executing on the X64_7PRO  platform.



NOTE: Enhanced analytical products:

SAS/STAT 12.1, SAS/ETS 12.1, SAS/OR 12.2, SAS/IML 12.1, SAS/QC 12.1

NOTE: SAS initialization used:
      real time           1.56 seconds
      cpu time            0.48 seconds
      
1          <%= form_for(@ivcontact) do |f| %>
           _
           180
ERROR 180-322: Statement is not valid or it is used out of proper order.

2            <% if @ivcontact.errors.any? %>
3              <div id="error_explanation">
4                <h2><%= pluralize(@ivcontact.errors.count, "error") %> prohibited this
4        ! ivcontact from being saved:</h2>
5          
6                <ul>
7                <% @ivcontact.errors.full_messages.each do |message| %>
8                  <li><%= message %></li>
9                <% end %>
10               </ul>
11             </div>
12           <% end %>
13         
14           <table class='space'>
15             <tr>
16               <td><%= f.label :contact_type, "Type of Contact" %></td>
17               <td><%= f.select :contact_type, grouped_options_for_select(
18                 'Required monthly contact' => [['Required in-person visit', 1], ['Required
18       ! phone call', 2]],
19                 'Other contact' => [['Ad-hoc contact', 9]]), include_blank: true %></td>
20             </tr>
21             <tr>
22               <td><%= f.label :contact_specific, "Which In-Person Contact?" %></td>
23               <td><%= f.select :contact_specific, Ivcontact::CONTACT_SPECIFIC_VALS,
23       ! include_blank: true %></td>
24             </tr>
2                                        The SAS System        11:13 Tuesday, September 22, 2015

25             <tr>
26               <td><%= f.label :contact_dt, "Date of Contact" %></td>
27               <td><%= f.text_field :contact_dt, value: @ivcontact.contact_dt.try(:strftime,
27       ! "%m/%d/%Y"), class: 'datepicker' %> mm/dd/yyyy</td>
WARNING: Apparent invocation of macro M not resolved.
WARNING: Apparent invocation of macro D not resolved.
WARNING: Apparent invocation of macro Y not resolved.
28             </tr>
29             <tr>
30               <td><%= f.label :contact_duration, "Duration of Contact" %> (mins)</td>
31               <td><%= f.text_field :contact_duration %></td>
32             </tr>
33             <tr>
34               <td><%= f.label :contact_comments, "Comments" %> </td>
35               <td><%= f.text_area :contact_comments, :rows => 3, :cols => 60 %></td>
36             </tr>
37           </table>
38         
39           <div class='boxed'>
40           <h3>Topics Discussed</h3>
41           <table class='space lined'>
42             <tr>
43               <th colspan='3'>HIT-specific</th>
44             </tr>
45             <tr>
46               <th>EHR data extraction</th>
47               <td>&nbsp;
WARNING: Apparent symbolic reference NBSP not resolved.

WARNING: Apparent symbolic reference NBSP not resolved.
47       !                 </td>
                           _
                           180
ERROR 180-322: Statement is not valid or it is used out of proper order.

48               <td>&nbsp;

48       !                 </td>
                           _
                           180
ERROR 180-322: Statement is not valid or it is used out of proper order.

49             </tr>
50             <tr>
51               <td>
52                 <%= f.label :topic_ehr_vendor, "Working with EHR vendor" %>
53                 <%= f.check_box :topic_ehr_vendor %>
54               </td>
55               <td>
56                 <%= f.label :topic_validate_data, "Validate data" %>
57                 <%= f.check_box :topic_validate_data %>
58               </td>
59               <td>
3                                        The SAS System        11:13 Tuesday, September 22, 2015

60                 <%= f.label :topic_data_error, "Data errors" %>
61                 <%= f.check_box :topic_data_error %>
62               </td>
63             </tr>
64             <tr>
65               <td>
66                 <%= f.label :topic_3rdparty_vendor, "Working with 3rd party vendor" %>
67                 <%= f.check_box :topic_3rdparty_vendor %>
68               </td>
69               <td>
70                 <%= f.label :topic_meaningful_use, "Meaningful use" %>
71                 <%= f.check_box :topic_meaningful_use %>
72               </td>
73               <td>
74                 <%= f.label :topic_coding, "Coding/IT needs" %>
75                 <%= f.check_box :topic_coding %>
76               </td>
77             </tr>
78               <td>
79                 <%= f.label :topic_custom_query, "Working on custom queries" %>
80                 <%= f.check_box :topic_custom_query %>
81               </td>
82               <td>
83                 <%= f.label :topic_cqm_report, "Generating clinical quality measure reports"
83       ! %>
84                 <%= f.check_box :topic_cqm_report %>
85               </td>
86               <td>
87                 <%= f.label :topic_hit_display, "Create data displays" %>
WARNING: Apparent symbolic reference NBSP not resolved.
88                 <%= f.check_box :topic_hit_display %>
89               </td>
90             </tr>
91             <tr>
92               <td colspan='2'>&nbsp;

92       !                             </td>
                                       _
                                       180
ERROR 180-322: Statement is not valid or it is used out of proper order.

93               <td>
94                 <%= f.label :topic_reminder, "Point of care reminders" %>
95                 <%= f.check_box :topic_reminder %>
96               </td>
97             </tr>
98           </table>
99           <br />
100          <table class='space lined'>
101            <tr>
102              <th colspan='3'>Study-specific</th>
103            </tr>
104            <tr>
4                                        The SAS System        11:13 Tuesday, September 22, 2015

105              <td></td>
106              <th colspan='2'>QI Processes</th>
107            </tr>
108            <tr>
109              <td>
110                <%= f.label :topic_pcmha, "Review/collect PCMH-A" %>
111                <%= f.check_box :topic_pcmha %>
112              </td>
113              <td>
114                <%= f.label :topic_brainstorm, "Brainstorming ideas" %>
115                <%= f.check_box :topic_brainstorm %>
116              </td>
117              <td>
118                <%= f.label :topic_roles, "Identify roles/responsibilities" %>
119                <%= f.check_box :topic_roles %>
120              </td>
121            </tr>
122            <tr>
123              <td>
124                <%= f.label :topic_abcs, "Submit ABCS measures to study team" %>
125                <%= f.check_box :topic_abcs %>
126              </td>
127              <td>
128                <%= f.label :topic_observe_flow, "Observe team/clinic flow" %>
129                <%= f.check_box :topic_observe_flow %>
130              </td>
131              <td>
WARNING: Apparent symbolic reference NBSP not resolved.
132                <%= f.label :topic_qi_support, "Provide QI meeting support" %>
133                <%= f.check_box :topic_qi_support %>
134              </td>
135            </tr>
136              <td>&nbsp;

136      !                 </td>
                           _
                           180
ERROR 180-322: Statement is not valid or it is used out of proper order.

137              <td>
138                <%= f.label :topic_cqm_report, "Generating clinical quality measure reports"
138      ! %>
139                <%= f.check_box :topic_cqm_report %>
140              </td>
141              <td>
142                <%= f.label :topic_consensus, "Facilitate a consensus decision" %>
WARNING: Apparent symbolic reference NBSP not resolved.
143                <%= f.check_box :topic_consensus %>
144              </td>
145            </tr>
146            <tr>
147              <td>&nbsp;

5                                        The SAS System        11:13 Tuesday, September 22, 2015

147      !                 </td>
                           _
                           180
ERROR 180-322: Statement is not valid or it is used out of proper order.

148              <td>
149                <%= f.label :topic_connect, "Connect practice to another practice" %>
150                <%= f.check_box :topic_connect %>
151              </td>
152              <td>
153                <%= f.label :topic_review_data, "Review data" %>
WARNING: Apparent symbolic reference NBSP not resolved.
154                <%= f.check_box :topic_review_data %>
155              </td>
156            </tr>
157            <tr>
158              <td>&nbsp;

158      !                 </td>
                           _
                           180
ERROR 180-322: Statement is not valid or it is used out of proper order.

159              <td>
160                <%= f.label :topic_resource, "Supply a tool or resource to support work" %>
161                <%= f.check_box :topic_resource %>
162              </td>
163              <td>
164                <%= f.label :topic_qi_display, "Data displays/run-charts" %>
WARNING: Apparent symbolic reference NBSP not resolved.
165                <%= f.check_box :topic_qi_display %>
166              </td>
167            </tr>
168            <tr>
169              <td>&nbsp;

169      !                 </td>
                           _
                           180
ERROR 180-322: Statement is not valid or it is used out of proper order.

170              <td>
171                <%= f.label :topic_planning, "Discuss PDSA cycles or action planning" %>
172                <%= f.check_box :topic_planning %>
173              </td>
174              <td>
175                <%= f.label :topic_huddle, "Huddles" %>
WARNING: Apparent symbolic reference NBSP not resolved.
176                <%= f.check_box :topic_huddle %>
177              </td>
178            </tr>
179            <tr>
180              <td>&nbsp;
6                                        The SAS System        11:13 Tuesday, September 22, 2015


180      !                 </td>
                           _
                           180
ERROR 180-322: Statement is not valid or it is used out of proper order.

181              <td>
182                <%= f.label :topic_workflow, "Support workflow design" %>
183                <%= f.check_box :topic_workflow %>
184              </td>
185              <td>
186                <%= f.label :topic_leadership, "Leadership meeting" %>
187                <%= f.check_box :topic_leadership %>
188              </td>
189            </tr>
190            <tr>
191              <td colspan='3'>
192                <%= f.label :topic_other, "Other" %>
193                <%= f.check_box :topic_other %>
194                <%= f.label :topic_other_specify, "Specify:" %>
195                <%= f.text_field :topic_other_specify, size: 60 %>
196              </td>
197            </tr>
198          </table>
199          </div>
200        
201          <br />
202          <div class='boxed'>
203          <h3>H2N Milestones </h3>
204          <table class='space lined'>
205            <tr>
206              <th width="50%">Milestone</th>
207              <th>Progress</th>
208              <th>Is practice actively<br />doing PDSA testing?</th>
209              <th>Currently active PDSA cycles<br />discussed in visit/on call</th>
210            </tr>
211            <tr>
212              <td>Embed clinical evidence on ABCS into daily work to guide care for
212      ! patients</td>
213              <td><%= f.collection_radio_buttons :milestone_evidence_progress,
213      ! Ivcontact::PROGRESS_VALS, "last", "first" do |b|
214                  b.label { b.radio_button + b.text } + tag("br")
215                end %>
216              </td>
217              <td><%=
218                f.collection_radio_buttons :milestone_evidence_active, Ivcontact::Y1N2_VALS,
218      ! "last", "first" do |b|
219                  b.label { b.radio_button + b.text } + tag("br")
220                end
221                %>
222              </td>
223              <td><%= f.text_area :milestone_evidence_discussed %></td>
224            </tr>
7                                        The SAS System        11:13 Tuesday, September 22, 2015

225            <tr>
226              <td>Utilize reliable, robust data to understand and improve ABCS measures</td>
227              <td><%=
228                f.collection_radio_buttons :milestone_data_progress,
228      ! Ivcontact::PROGRESS_VALS, "last", "first" do |b|
229                  b.label { b.radio_button + b.text } + tag("br")
230                end
231                %>
232              </td>
233              <td><%=
234                f.collection_radio_buttons :milestone_data_active, Ivcontact::Y1N2_VALS,
234      ! "last", "first" do |b|
235                  b.label { b.radio_button + b.text } + tag("br")
236                end
237                %>
238              </td>
239              <td><%= f.text_area :milestone_data_discussed %></td>
240            </tr>
241            <tr>
242              <td>Establish a regular QI process involving cross-functional teams (QI, care
242      ! team, huddles, all staff)</td>
243              <td><%=
244                f.collection_radio_buttons :milestone_qi_progress, Ivcontact::PROGRESS_VALS,
244      ! "last", "first" do |b|
245                  b.label { b.radio_button + b.text } + tag("br")
246                end
247                %>
248              </td>
249              <td><%=
250                f.collection_radio_buttons :milestone_qi_active, Ivcontact::Y1N2_VALS,
250      ! "last", "first" do |b|
251                  b.label { b.radio_button + b.text } + tag("br")
252                end
253                %>
254              </td>
255              <td><%= f.text_area :milestone_qi_discussed, rows: 5 %></td>
256            </tr>
257            <tr>
258              <td>Identify at-risk patients for prevention outreach</td>
259              <td><%=
260                f.collection_radio_buttons :milestone_atrisk_progress,
260      ! Ivcontact::PROGRESS_VALS, "last", "first" do |b|
261                  b.label { b.radio_button + b.text } + tag("br")
262                end
263                %>
264              </td>
265              <td><%=
266                f.collection_radio_buttons :milestone_atrisk_active, Ivcontact::Y1N2_VALS,
266      ! "last", "first" do |b|
267                  b.label { b.radio_button + b.text } + tag("br")
268                end
269                %>
270              </td>
8                                        The SAS System        11:13 Tuesday, September 22, 2015

271              <td><%= f.text_area :milestone_atrisk_discussed, rows: 5 %></td>
272            </tr>
273            <tr>
274              <td>Define roles and responsibilities across the care team to identify and
274      ! manage ABCS populations</td>
275              <td><%=
276                f.collection_radio_buttons :milestone_task_progress,
276      ! Ivcontact::PROGRESS_VALS, "last", "first" do |b|
277                  b.label { b.radio_button + b.text } + tag("br")
278                end
279                %>
280              </td>
281              <td><%=
282                f.collection_radio_buttons :milestone_task_active, Ivcontact::Y1N2_VALS,
282      ! "last", "first" do |b|
283                  b.label { b.radio_button + b.text } + tag("br")
284                end
285                %>
286              </td>
287              <td><%= f.text_area :milestone_task_discussed, rows: 5 %></td>
288            </tr>
289            <tr>
290              <td>Deepen patient self-management support for action planning around ABCS</td>
291              <td><%=
292                f.collection_radio_buttons :milestone_selfmgmt_progress,
292      ! Ivcontact::PROGRESS_VALS, "last", "first" do |b|
293                  b.label { b.radio_button + b.text } + tag("br")
294                end
295                %>
296              </td>
297              <td><%=
298                f.collection_radio_buttons :milestone_selfmgmt_active, Ivcontact::Y1N2_VALS,
298      ! "last", "first" do |b|
299                  b.label { b.radio_button + b.text } + tag("br")
300                end
301                %>
302              </td>
303              <td><%= f.text_area :milestone_selfmgmt_discussed, rows: 5 %></td>
304            </tr>
305            <tr>
306              <td>Develop robust linkages to smoking cessation, CDSMP and other
306      ! evidence-based community resources</td>
307              <td><%=
308                f.collection_radio_buttons :milestone_community_progress,
308      ! Ivcontact::PROGRESS_VALS, "last", "first" do |b|
309                  b.label { b.radio_button + b.text } + tag("br")
310                end
311                %>
312              </td>
313              <td><%=
314                f.collection_radio_buttons :milestone_community_active, Ivcontact::Y1N2_VALS,
314      !  "last", "first" do |b|
315                  b.label { b.radio_button + b.text } + tag("br")
9                                        The SAS System        11:13 Tuesday, September 22, 2015

316                end
317                %>
318              </td>
319              <td><%= f.text_area :milestone_community_discussed, rows: 5 %></td>
WARNING: Truncated record.
320            </tr>
321          </table>
322          </div>
323        
324          <div class='boxed'>
325            <p> What is your assessment of this practice's progress or capacity for change
                                                           ___________________________________
                                                           49
325      ! based on their activities in the previous month? Mark as green, yellow or red using
325      ! the category definitions provided below. To the right of your assessment, indicate
325      ! the ac
NOTE 49-169: The meaning of an identifier after a quoted string might change in a future SAS 
             release.  Inserting white space between a quoted string and the succeeding 
             identifier is recommended.

326            <table class='space'>
327              <tr>
328                <th style='background-color: green;

328      !                                            '
                                                      _
                                                      180
328      ! >Green</th>
ERROR 180-322: Statement is not valid or it is used out of proper order.

329                <th style='background-color: yellow;

329      !                                             '
                                                       _
                                                       180
329      ! >Yellow</th>
ERROR 180-322: Statement is not valid or it is used out of proper order.

330                <th style='background-color: red;

WARNING: The quoted string currently being processed has become more than 262 characters long.  
         You might have unbalanced quotation marks.
330      !                                          '>Red</th>
331              </tr>
332              <tr>
333                <td>This site is actively engaged in the project and successfully using QI
333      ! methods to improve care around the ABCS measures. They appreciate encouragement and
333      ! occasional support, but their needs are minimal.</td>
334                <td>This site is engaged, but their progress or capacity to move forward is
334      ! hindered by current situations. They require additional support and closer monitoring
334      !  to assess and manage progress.</td>
335                <td>This site has barriers or issues that are currently impeding progress or
335      ! the capacity to move forward. They need close monitoring or support.</td>
10                                       The SAS System        11:13 Tuesday, September 22, 2015

336              </tr>
330                <th style='background-color: red;'>Red</th>
                                                    __________
                                                    49
NOTE 49-169: The meaning of an identifier after a quoted string might change in a future SAS 
             release.  Inserting white space between a quoted string and the succeeding 
             identifier is recommended.

330                <th style='background-color: red;'>Red</th>
                                                    __________
                                                    180
ERROR 180-322: Statement is not valid or it is used out of proper order.

337              <tr>
338                <td>
339                  <%= f.select :gyr, Ivcontact::GYR_VALS, include_blank: true %>
340                </td>
341                <td colspan='2'>
342                  <%= f.label :gyr_notes, "Activities or Situations for Rating" %><br />
343                  <%= f.text_area :gyr_notes, cols: 60, rows: 3 %>
344                </td>
345              </tr>
346            </table>
WARNING: The quoted string currently being processed has become more than 262 characters long.  
         You might have unbalanced quotation marks.
347          </div>
348        
349          <div class='boxed'>
                              __
                              49
NOTE 49-169: The meaning of an identifier after a quoted string might change in a future SAS 
             release.  Inserting white space between a quoted string and the succeeding 
             identifier is recommended.

350            <p>The Tiering Tool includes descriptions of the characteristics sites may
350      ! possess at various phases of their journey toward developing change capacity and
350      ! improving health outcomes. Using the Tier Level Characteristics table below, identify
350      !  where this
351            <table class='space lined'>
352              <tr>
WARNING: The quoted string currently being processed has become more than 262 characters long.  
         You might have unbalanced quotation marks.
353                <th>&nbsp;</th>
354                <th>STARTING<br />0-25%</th>
351            <table class='space lined'>
                                        __
                                        49
NOTE 49-169: The meaning of an identifier after a quoted string might change in a future SAS 
             release.  Inserting white space between a quoted string and the succeeding 
             identifier is recommended.

355                <th>LIMITED PRACTICE CHANGES;<br />NEED TO BUILD CAPACITY<br />26-50%</th>
356                <th>MAKING MANY PRACTICE CHANGES<br />51-75%</th>
11                                       The SAS System        11:13 Tuesday, September 22, 2015

357                <th>MANAGING MULTI-DIMENSIONAL CHANGE<br />76-100%</th>
358              </tr>
359              <tr align='center'>
360                <td>Baseline/Quarter 1</td>
361                <td><%= f.radio_button :tier, 1 %></td>
359              <tr align='center'>
                                  __
                                  49
NOTE 49-169: The meaning of an identifier after a quoted string might change in a future SAS 
             release.  Inserting white space between a quoted string and the succeeding 
             identifier is recommended.

362                <td><%= f.radio_button :tier, 2 %></td>
363                <td><%= f.radio_button :tier, 3 %></td>
364                <td><%= f.radio_button :tier, 4 %></td>
365              </tr>
366              <tr align='center'>
367                <td>Quarter 2</td>
368                <td><%= f.radio_button :tier, 1 %></td>
366              <tr align='center'>
                                  __
                                  49
NOTE 49-169: The meaning of an identifier after a quoted string might change in a future SAS 
             release.  Inserting white space between a quoted string and the succeeding 
             identifier is recommended.

369                <td><%= f.radio_button :tier, 2 %></td>
370                <td><%= f.radio_button :tier, 3 %></td>
371                <td><%= f.radio_button :tier, 4 %></td>
372              </tr>
373              <tr align='center'>
374                <td>Quarter 3</td>
375                <td><%= f.radio_button :tier, 1 %></td>
373              <tr align='center'>
                                  __
                                  49
NOTE 49-169: The meaning of an identifier after a quoted string might change in a future SAS 
             release.  Inserting white space between a quoted string and the succeeding 
             identifier is recommended.

376                <td><%= f.radio_button :tier, 2 %></td>
377                <td><%= f.radio_button :tier, 3 %></td>
378                <td><%= f.radio_button :tier, 4 %></td>
379              </tr>
380              <tr align='center'>
381                <td>Quarter 4</td>
382                <td><%= f.radio_button :tier, 1 %></td>
380              <tr align='center'>
                                  __
                                  49
NOTE 49-169: The meaning of an identifier after a quoted string might change in a future SAS 
             release.  Inserting white space between a quoted string and the succeeding 
             identifier is recommended.
12                                       The SAS System        11:13 Tuesday, September 22, 2015


383                <td><%= f.radio_button :tier, 2 %></td>
384                <td><%= f.radio_button :tier, 3 %></td>
385                <td><%= f.radio_button :tier, 4 %></td>
386              </tr>
387              <tr align='center'>
388                <td>Quarter 5</td>
389                <td><%= f.radio_button :tier, 1 %></td>
390                <td><%= f.radio_button :tier, 2 %></td>
391                <td><%= f.radio_button :tier, 3 %></td>
392                <td><%= f.radio_button :tier, 4 %></td>
393              </tr>
394            </table>
395          </div>
396        
397          <div
397      ! class='boxed'
                       _
                       49
397      ! >
NOTE 49-169: The meaning of an identifier after a quoted string might change in a future SAS 
             release.  Inserting white space between a quoted string and the succeeding 
             identifier is recommended.

398            <h3>Patient-Centered Medical Home Assessment</h3>
399        
400            <table class='lined space background-orange'>
401              <caption>PART 1. ENGAGED LEADERSHIP</caption>
402              <tr>
403                <th>Items</th>
404                <th>Level D</th>
405                <th>Level C</th>
406                <th>Level B</th>
WARNING: The quoted string currently being processed has become more than 262 characters long.  
         You might have unbalanced quotation marks.
407                <th>Level A</th>
408              </tr>
409              <tr align="center">
410                <td> 1. Executive leaders </td>
411                <td>
412                  ...are focused on short-term business priorities.<br />
413                  <% (1..3).each do |item| %>
414                    <%= f.radio_button :pcqm_1, item %> <%= item %>
415                  <% end %>
416                </td>
417                <td>
418                  ...visibly support and create an infrastructure for quality improvement,
418      ! but do not commit resources.<br />
419                  <% (4..6).each do |item| %>
420                    <%= f.radio_button :pcqm_1, item %> <%= item %>
421                  <% end %>
422                </td>
423                <td>
13                                       The SAS System        11:13 Tuesday, September 22, 2015

424                  ...allocate resources and actively reward quality improvement
424      ! initiatives.<br />
425                  <% (7..9).each do |item| %>
426                    <%= f.radio_button :pcqm_1, item %> <%= item %>
427                  <% end %>
428                </td>
429                <td>
430                  ...support continuous learning throughout the organization, review and act
430      ! upon quality data, and have a long-term strategy and funding commitment to explore,
430      ! implement and spread quality improvement initiatives.<br />
431                  <% (10..12).each do |item| %>
432                    <%= f.radio_button :pcqm_1, item %> <%= item %>
433                  <% end %>
434                </td>
435              </tr>
436              <tr align="center">
437                <td>2. Clinical leaders </td>
438                <td>
439                  ...intermittently focus on improving quality.<br />
440                  <% (1..3).each do |item| %>
441                    <%= f.radio_button :pcqm_2, item %> <%= item %>
442                  <% end %>
443                </td>
444                <td>
445                  ...have developed a vision for quality improvement, but no consistent
445      ! process for getting there.<br />
446                  <% (4..6).each do |item| %>
447                    <%= f.radio_button :pcqm_2, item %> <%= item %>
448                  <% end %>
449                </td>
450                <td>
451                  ...are committed to a quality improvement process, and sometimes engage
451      ! teams in implementation and problem solving.<br />
452                  <% (7..9).each do |item| %>
453                    <%= f.radio_button :pcqm_2, item %> <%= item %>
454                  <% end %>
455                </td>
456                <td>
457                  ...consistently champion and engage clinical teams in improving patient
457      ! experience of care and clinical outcomes.<br />
458                  <% (10..12).each do |item| %>
459                    <%= f.radio_button :pcqm_2, item %> <%= item %>
400            <table class='lined space background-orange'>
                                                          __
                                                          49
NOTE 49-169: The meaning of an identifier after a quoted string might change in a future SAS 
             release.  Inserting white space between a quoted string and the succeeding 
             identifier is recommended.

460                  <% end %>
461                </td>
462              </tr>
463              <tr align="center">
14                                       The SAS System        11:13 Tuesday, September 22, 2015

464                <td>3. The organization's hiring and training processes</td>
465                <td>
466                  ...focus only on the narrowly defined functions and requirements of each
466      ! position..<br />
467                  <% (1..3).each do |item| %>
468                    <%= f.radio_button :pcqm_3, item %> <%= item %>
469                  <% end %>
470                </td>
471                <td>
472                  ...reflect how potential hires will affect the culture and participate in
472      ! quality improvement activities.<br />
473                  <% (4..6).each do |item| %>
474                    <%= f.radio_button :pcqm_3, item %> <%= item %>
475                  <% end %>
476                </td>
477                <td>
478                  ...place a priority on the ability of new and existing staff to improve
478      ! care and create a patient-centered culture.<br />
479                  <% (7..9).each do |item| %>
480                    <%= f.radio_button :pcqm_3, item %> <%= item %>
481                  <% end %>
482                </td>
483                <td>
484                  ...support and sustain improvements in care through training and incentives
484      !  focused on rewarding patient-centered care.<br />
485                  <% (10..12).each do |item| %>
486                    <%= f.radio_button :pcqm_3, item %> <%= item %>
487                  <% end %>
488                </td>
489              </tr>
490              <tr align="center">
491                <td>4. The responsibility for conducting quality improvement activities</td>
492                <td>
493                  ...are focused on short-term business priorities.<br />
494                  <% (1..3).each do |item| %>
495                    <%= f.radio_button :pcqm_4, item %> <%= item %>
496                  <% end %>
497                </td>
498                <td>
499                  ...visibly support and create an infrastructure for quality improvement,
499      ! but do not commit resources<br />
500                  <% (4..6).each do |item| %>
501                    <%= f.radio_button :pcqm_4, item %> <%= item %>
502                  <% end %>
503                </td>
504                <td>
505                  ...allocate resources and actively reward quality improvement
505      ! initiatives.<br />
506                  <% (7..9).each do |item| %>
507                    <%= f.radio_button :pcqm_4, item %> <%= item %>
508                  <% end %>
509                </td>
510                <td>
15                                       The SAS System        11:13 Tuesday, September 22, 2015

511                  ...support continuous learning throughout the organization, review and act
511      ! upon quality data, and have a long-term strategy and funding commitment to explore,
511      ! implement and spread quality improvement initiatives.<br />
512                  <% (10..12).each do |item| %>
513                    <%= f.radio_button :pcqm_4, item %> <%= item %>
514                  <% end %>
515                </td>
516              </tr>
517            </table>
518        
519            <table class='lined space background-pink'>
520              <caption>PART 2: QUALITY IMPROVEMENT (QI) STRATEGY</caption>
521              <tr>
522                <th>Items</th>
523                <th>Level D</th>
524                <th>Level C</th>
525                <th>Level B</th>
526                <th>Level A</th>
527              </tr>
528              <tr align="center">
529                <td>5. Quality improvement activities</td>
530                <td>
531                  ...are not organized or supported consistently.<br />
532                  <% (1..3).each do |item| %>
533                    <%= f.radio_button :pcqm_5, item %> <%= item %>
534                  <% end %>
535                </td>
536                <td>
537                  ...are conducted on an ad hoc basis in reaction to specific problems.<br />
538                  <% (4..6).each do |item| %>
539                    <%= f.radio_button :pcqm_5, item %> <%= item %>
540                  <% end %>
541                </td>
542                <td>
543                  ...are based on a proven improvement strategy in reaction to specific
543      ! problems.<br />
544                  <% (7..9).each do |item| %>
545                    <%= f.radio_button :pcqm_5, item %> <%= item %>
546                  <% end %>
547                </td>
548                <td>
549                  ...are based on a proven improvement strategy and used continuously in
549      ! meeting organizational goals.<br />
550                  <% (10..12).each do |item| %>
551                    <%= f.radio_button :pcqm_5, item %> <%= item %>
552                  <% end %>
553                </td>
554              </tr>
555              <tr align="center">
556                <td>6. Performance measures </td>
557                <td>
558                  ...are not available for the clinical site.<br />
559                  <% (1..3).each do |item| %>
16                                       The SAS System        11:13 Tuesday, September 22, 2015

560                    <%= f.radio_button :pcqm_6, item %> <%= item %>
561                  <% end %>
562                </td>
563                <td>
564                  ...are available for the clinical site, but are limited in scope..<br />
565                  <% (4..6).each do |item| %>
WARNING: Apparent symbolic reference MDASH not resolved.
566                    <%= f.radio_button :pcqm_6, item %> <%= item %>
567                  <% end %>
568                </td>
569                <td>
570                  ...are comprehensive—&mdash;

570      !                                          including clinical, operational, and patient
                                                    _________
                                                    180
570      !  experience measures—&mdash; and available for the practice, but not for individual
WARNING: Apparent symbolic reference MDASH not resolved.

ERROR 180-322: Statement is not valid or it is used out of proper order.

570         and available for the practice, but not for individual providers..<br />

___                                                                                             

180
ERROR 180-322: Statement is not valid or it is used out of proper order.

571                  <% (7..9).each do |item| %>
572                    <%= f.radio_button :pcqm_6, item %> <%= item %>
573                  <% end %>
574                </td>
575                <td>
576                  ...are comprehensive—including clinical, operational, and patient
576      ! experience measures—and fed back to individual providers.<br />
577                  <% (10..12).each do |item| %>
578                    <%= f.radio_button :pcqm_6, item %> <%= item %>
579                  <% end %>
580                </td>
581              </tr>
582              <tr align="center">
583                <td>7. Quality improvement activities are conducted by</td>
584                <td>
585                  ...a centralized committee or department.<br />
586                  <% (1..3).each do |item| %>
587                    <%= f.radio_button :pcqm_7, item %> <%= item %>
588                  <% end %>
589                </td>
590                <td>
591                  ...topic-specific QI committees. <br />
592                  <% (4..6).each do |item| %>
593                    <%= f.radio_button :pcqm_7, item %> <%= item %>
594                  <% end %>
17                                       The SAS System        11:13 Tuesday, September 22, 2015

595                </td>
596                <td>
597                  ...all practice teams supported by a QI infrastructure.<br />
598                  <% (7..9).each do |item| %>
599                    <%= f.radio_button :pcqm_7, item %> <%= item %>
600                  <% end %>
601                </td>
602                <td>
603                  ...practice teams supported by a QI infrastructure with meaningful
603      ! involvement of patients and families.<br />
604                  <% (10..12).each do |item| %>
605                    <%= f.radio_button :pcqm_7, item %> <%= item %>
606                  <% end %>
607                </td>
608              </tr>
609              <tr align="center">
610                <td>8. An Electronic Health Record that supports Meaningful Use</td>
611                <td>
612                  ...is not present or is being implemented.<br />
613                  <% (1..3).each do |item| %>
614                    <%= f.radio_button :pcqm_8, item %> <%= item %>
615                  <% end %>
616                </td>
617                <td>
618                  ...is in place and is being used to capture clinical data.<br />
619                  <% (4..6).each do |item| %>
620                    <%= f.radio_button :pcqm_8, item %> <%= item %>
621                  <% end %>
622                </td>
623                <td>
624                  ...is used routinely during patient encounters to provide clinical decision
624      !  support and to share data with patients.<br />
625                  <% (7..9).each do |item| %>
626                    <%= f.radio_button :pcqm_8, item %> <%= item %>
627                  <% end %>
628                </td>
629                <td>
630                  ...is also used routinely to support population management and quality
630      ! improvement efforts.<br />
631                  <% (10..12).each do |item| %>
632                    <%= f.radio_button :pcqm_8, item %> <%= item %>
633                  <% end %>
634                </td>
635              </tr>
636            </table>
637        
638            <table class='lined space background-blue'>
639              <caption>PART 3: EMPANELMENT</caption>
640              <tr>
641                <th>Items</th>
642                <th>Level D</th>
643                <th>Level C</th>
644                <th>Level B</th>
18                                       The SAS System        11:13 Tuesday, September 22, 2015

645                <th>Level A</th>
646              </tr>
647              <tr align="center">
648                <td>9. Patients</td>
649                <td>
650                  ...are not assigned to specific practice panels.<br />
651                  <% (1..3).each do |item| %>
652                    <%= f.radio_button :pcqm_9, item %> <%= item %>
653                  <% end %>
654                </td>
655                <td>
656                  ...are assigned to specific practice panels but panel assignments are not
656      ! routinely used by the practice for administrative or other purposes.<br />
657                  <% (4..6).each do |item| %>
658                    <%= f.radio_button :pcqm_9, item %> <%= item %>
659                  <% end %>
660                </td>
661                <td>
662                  ...are assigned to specific practice panels and panel assignments are
662      ! routinely used by the practice mainly for scheduling purposes.<br />
663                  <% (7..9).each do |item| %>
664                    <%= f.radio_button :pcqm_9, item %> <%= item %>
665                  <% end %>
666                </td>
667                <td>
668                  ...are assigned to specific practice panels and panel assignments are
668      ! routinely used for scheduling purposes and are continuously monitored to balance
668      ! supply and demand.<br />
669                  <% (10..12).each do |item| %>
670                    <%= f.radio_button :pcqm_9, item %> <%= item %>
671                  <% end %>
672                </td>
673              </tr>
674              <tr align="center">
675                <td>10. Registry or panel-level data</td>
676                <td>
677                  ...are not available to assess or manage care for practice populations. <br
677      !  />
678                  <% (1..3).each do |item| %>
679                    <%= f.radio_button :pcqm_10, item %> <%= item %>
680                  <% end %>
681                </td>
682                <td>
683                  ...are available to assess and manage care for practice populations, but
683      ! only on an ad hoc basis.<br />
684                  <% (4..6).each do |item| %>
685                    <%= f.radio_button :pcqm_10, item %> <%= item %>
686                  <% end %>
687                </td>
688                <td>
689                  ...are regularly available to assess and manage care for practice
689      ! populations, but only for a limited number of diseases and risk states.<br />
690                  <% (7..9).each do |item| %>
19                                       The SAS System        11:13 Tuesday, September 22, 2015

691                    <%= f.radio_button :pcqm_10, item %> <%= item %>
692                  <% end %>
693                </td>
694                <td>
695                  ...are regularly available to assess and manage care for practice
695      ! populations, across a comprehensive set of diseases and risk states.<br />
696                  <% (10..12).each do |item| %>
697                    <%= f.radio_button :pcqm_10, item %> <%= item %>
698                  <% end %>
699                </td>
700              </tr>
701              <tr align="center">
702                <td>11. Registries on individual patients</td>
703                <td>
704                  ...are not available to practice teams for pre-visit planning or patient
704      ! outreach.<br />
705                  <% (1..3).each do |item| %>
706                    <%= f.radio_button :pcqm_11, item %> <%= item %>
707                  <% end %>
708                </td>
709                <td>
710                  ...are available to practice teams but are not routinely used for pre-visit
710      !  planning or patient outreach.<br />
711                  <% (4..6).each do |item| %>
712                    <%= f.radio_button :pcqm_11, item %> <%= item %>
713                  <% end %>
714                </td>
715                <td>
716                  ...are available to practice teams and routinely used for pre-visit
716      ! planning or patient outreach, but only for a limited number of diseases and risk
716      ! states.<br />
717                  <% (7..9).each do |item| %>
718                    <%= f.radio_button :pcqm_11, item %> <%= item %>
719                  <% end %>
720                </td>
721                <td>
722                  ...are available to practice teams and routinely used for pre-visit
722      ! planning and patient outreach, across a comprehensive set of diseases and risk
722      ! states.<br />
723                  <% (10..12).each do |item| %>
724                    <%= f.radio_button :pcqm_11, item %> <%= item %>
725                  <% end %>
726                </td>
727              </tr>
728              <tr align="center">
729                <td>12. Reports on care processes or outcomes of care</td>
730                <td>
731                  ...are not routinely available to practice teams. <br />
732                  <% (1..3).each do |item| %>
733                    <%= f.radio_button :pcqm_12, item %> <%= item %>
734                  <% end %>
735                </td>
736                <td>
20                                       The SAS System        11:13 Tuesday, September 22, 2015

737                  ...are routinely provided as feedback to practice teams but not reported
737      ! externally.<br />
738                  <% (4..6).each do |item| %>
739                    <%= f.radio_button :pcqm_12, item %> <%= item %>
740                  <% end %>
741                </td>
742                <td>
743                  ...are routinely provided as feedback to practice teams, and reported
743      ! externally (e.g., to patients, other teams or external agencies) but with team
743      ! identities masked.<br />
744                  <% (7..9).each do |item| %>
745                    <%= f.radio_button :pcqm_12, item %> <%= item %>
746                  <% end %>
747                </td>
748                <td>
749                  ...are routinely provided as feedback to practice teams, and transparently
749      ! reported externally to patients, other teams and external agencies.<br />
750                  <% (10..12).each do |item| %>
751                    <%= f.radio_button :pcqm_12, item %> <%= item %>
752                  <% end %>
753                </td>
754              </tr>
755            </table>
756        
757            <table class='lined space background-purple'>
758              <caption>PART 4: CONTINUOUS & TEAM-BASED HEALING RELATIONSHIPS</caption>
759              <tr>
760                <th>Items</th>
761                <th>Level D</th>
762                <th>Level C</th>
763                <th>Level B</th>
764                <th>Level A</th>
765              </tr>
766              <tr align="center">
767                <td>13. Patients are encouraged to see their paneled provider and practice
767      ! team</td>
768                <td>
769                  ...only at the patient's request.<br />
770                  <% (1..3).each do |item| %>
771                    <%= f.radio_button :pcqm_13, item %> <%= item %>
772                  <% end %>
773                </td>
774                <td>
775                  ...by the practice team, but is not a priority in appointment
775      ! scheduling.<br />
776                  <% (4..6).each do |item| %>
WARNING: The quoted string currently being processed has become more than 262 characters long.  
         You might have unbalanced quotation marks.
777                    <%= f.radio_button :pcqm_13, item %> <%= item %>
778                  <% end %>
779                </td>
780                <td>
781                  ...by the practice team and is a priority in appointment scheduling, but
21                                       The SAS System        11:13 Tuesday, September 22, 2015

781      ! patients commonly see other providers because of limited availability or other
781      ! issues.<br />
782                  <% (7..9).each do |item| %>
783                    <%= f.radio_button :pcqm_13, item %> <%= item %>
784                  <% end %>
785                </td>
786                <td>
787                  ...by the practice team, is a priority in appointment scheduling, and
787      ! patients usually see their own provider or practice team.<br />
788                  <% (10..12).each do |item| %>
789                    <%= f.radio_button :pcqm_13, item %> <%= item %>
790                  <% end %>
791                </td>
792              </tr>
793              <tr align="center">
794                <td>14. Non-physician practice team members</td>
795                <td>
796                  ...play a limited role in providing clinical care.<br />
797                  <% (1..3).each do |item| %>
798                    <%= f.radio_button :pcqm_14, item %> <%= item %>
799                  <% end %>
800                </td>
801                <td>
802                  ...are primarily tasked with managing patient flow and triage.<br />
803                  <% (4..6).each do |item| %>
804                    <%= f.radio_button :pcqm_14, item %> <%= item %>
805                  <% end %>
806                </td>
807                <td>
808                  ...provide some clinical services such as assessment or self-management
808      ! support. <br />
809                  <% (7..9).each do |item| %>
810                    <%= f.radio_button :pcqm_14, item %> <%= item %>
811                  <% end %>
812                </td>
813                <td>
814                  ...perform key clinical service roles that match their abilities and
814      ! credentials. <br />
815                  <% (10..12).each do |item| %>
816                    <%= f.radio_button :pcqm_14, item %> <%= item %>
817                  <% end %>
818                </td>
819              </tr>
820              <tr align="center">
821                <td>15. The practice</td>
822                <td>
823                  ...does not have an organized approach to identify or meet the training
823      ! needs for providers and other staff.<br />
824                  <% (1..3).each do |item| %>
825                    <%= f.radio_button :pcqm_15, item %> <%= item %>
826                  <% end %>
827                </td>
828                <td>
22                                       The SAS System        11:13 Tuesday, September 22, 2015

829                  ...routinely assesses training needs and ensures that staff are
829      ! appropriately trained for their roles and responsibilities.<br />
830                  <% (4..6).each do |item| %>
831                    <%= f.radio_button :pcqm_15, item %> <%= item %>
832                  <% end %>
833                </td>
834                <td>
835                  ...routinely assesses training needs, ensures that staff are appropriately
835      ! trained for their roles and responsibilities, and provides some cross training to
835      ! permit staffing flexibility. <br />
836                  <% (7..9).each do |item| %>
837                    <%= f.radio_button :pcqm_15, item %> <%= item %>
838                  <% end %>
839                </td>
840                <td>
841                  ...routinely assesses training needs, ensures that staff are appropriately
841      ! trained for their roles and responsibilities, and provides cross training to ensure
841      ! that patient needs are consistently met.<br />
842                  <% (10..12).each do |item| %>
843                    <%= f.radio_button :pcqm_15, item %> <%= item %>
769                  ...only at the patient's request.<br />
                                           _________________
                                           49
NOTE 49-169: The meaning of an identifier after a quoted string might change in a future SAS 
             release.  Inserting white space between a quoted string and the succeeding 
             identifier is recommended.

844                  <% end %>
845                </td>
846              </tr>
847        
848            <table class='lined space background-purple'>
849              <caption>PART 5: ORGANIZED, EVIDENCE-BASED CARE</caption>
850              <tr>
851                <th>Items</th>
852                <th>Level D</th>
853                <th>Level C</th>
854                <th>Level B</th>
855                <th>Level A</th>
856              </tr>
857              <tr align="center">
858                <td>16. Comprehensive, guideline-based information on prevention or chronic
858      ! illness treatment</td>
WARNING: The quoted string currently being processed has become more than 262 characters long.  
         You might have unbalanced quotation marks.
859                <td>
860                  ...…is not readily available in practice.<br />
861                  <% (1..3).each do |item| %>
862                    <%= f.radio_button :pcqm_16, item %> <%= item %>
863                  <% end %>
864                </td>
865                <td>
866                  ...is available but does not influence care.<br />
23                                       The SAS System        11:13 Tuesday, September 22, 2015

867                  <% (4..6).each do |item| %>
868                    <%= f.radio_button :pcqm_16, item %> <%= item %>
869                  <% end %>
870                </td>
871                <td>
872                  ...is available to the team and is integrated into care protocols and/or
872      ! reminders.<br />
873                  <% (7..9).each do |item| %>
874                    <%= f.radio_button :pcqm_16, item %> <%= item %>
875                  <% end %>
876                </td>
877                <td>
878                  ...guides the creation of tailored, individual-level data that is available
878      !  at the time of the visit.<br />
879                  <% (10..12).each do |item| %>
880                    <%= f.radio_button :pcqm_16, item %> <%= item %>
881                  <% end %>
882                </td>
883              </tr>
884              <tr align="center">
885                <td>17. Visits </td>
886                <td>
887                  ...largely focus on acute problems of patient. <br />
888                  <% (1..3).each do |item| %>
889                    <%= f.radio_button :pcqm_17, item %> <%= item %>
890                  <% end %>
891                </td>
892                <td>
893                  ...are organized around acute problems but with attention to ongoing
893      ! illness and prevention needs if time permits.<br />
894                  <% (4..6).each do |item| %>
895                    <%= f.radio_button :pcqm_17, item %> <%= item %>
896                  <% end %>
897                </td>
898                <td>
899                  ...are organized around acute problems but with attention to ongoing
899      ! illness and prevention needs if time permits. The practice also uses subpopulation
899      ! reports to proactively call groups of patients in for planned care visits.<br />
900                  <% (7..9).each do |item| %>
901                    <%= f.radio_button :pcqm_17, item %> <%= item %>
902                  <% end %>
903                </td>
904                <td>
905                  ...are organized to address both acute and planned care needs. Tailored
905      ! guideline-based information is used in team huddles to ensure all outstanding patient
905      !  needs are met at each encounter.<br />
906                  <% (10..12).each do |item| %>
907                    <%= f.radio_button :pcqm_17, item %> <%= item %>
908                  <% end %>
909                </td>
910              </tr>
911              <tr align="center">
912                <td>18. Care plans</td>
24                                       The SAS System        11:13 Tuesday, September 22, 2015

913                <td>
914                  ...are not routinely developed or recorded. <br />
915                  <% (1..3).each do |item| %>
916                    <%= f.radio_button :pcqm_18, item %> <%= item %>
917                  <% end %>
918                </td>
919                <td>
920                  ...are developed and recorded but reflect providers' priorities only.<br />
921                  <% (4..6).each do |item| %>
922                    <%= f.radio_button :pcqm_18, item %> <%= item %>
923                  <% end %>
924                </td>
925                <td>
926                  ...are developed collaboratively with patients and families and include
926      ! self-management and clinical goals, but they are not routinely recorded or used to
926      ! guide subsequent care.<br />
927                  <% (7..9).each do |item| %>
928                    <%= f.radio_button :pcqm_18, item %> <%= item %>
929                  <% end %>
930                </td>
931                <td>
932                  ...are developed collaboratively, include self-management and clinical
932      ! management goals, are routinely recorded, and guide care at every subsequent point of
932      !  service. <br />
933                  <% (10..12).each do |item| %>
934                    <%= f.radio_button :pcqm_18, item %> <%= item %>
935                  <% end %>
936                </td>
937              </tr>
938              <tr align="center">
939                <td>19. Clinical care management services for high-risk patients</td>
940                <td>
941                  ...are not available.<br />
942                  <% (1..3).each do |item| %>
943                    <%= f.radio_button :pcqm_19, item %> <%= item %>
944                  <% end %>
945                </td>
946                <td>
947                  ...are provided by external care managers with limited connection to
947      ! practice. <br />
948                  <% (4..6).each do |item| %>
949                    <%= f.radio_button :pcqm_19, item %> <%= item %>
950                  <% end %>
951                </td>
952                <td>
953                  ...are provided by external care managers who regularly communicate with
953      ! the care team.<br />
954                  <% (7..9).each do |item| %>
955                    <%= f.radio_button :pcqm_19, item %> <%= item %>
956                  <% end %>
957                </td>
958                <td>
959                  ...are systematically provided by the care manager functioning as a member
25                                       The SAS System        11:13 Tuesday, September 22, 2015

959      ! of the practice team, regardless of location.<br />
960                  <% (10..12).each do |item| %>
961                    <%= f.radio_button :pcqm_19, item %> <%= item %>
962                  <% end %>
963                </td>
964              </tr>
965              <tr align="center">
966                <td>20. Behavioral health outcomes (such as improvement in depression
966      ! symptoms)</td>
967                <td>
968                  ...are not measured.<br />
969                  <% (1..3).each do |item| %>
970                    <%= f.radio_button :pcqm_20, item %> <%= item %>
971                  <% end %>
972                </td>
973                <td>
974                  ...are measured but not tracked.<br />
975                  <% (4..6).each do |item| %>
976                    <%= f.radio_button :pcqm_20, item %> <%= item %>
977                  <% end %>
978                </td>
979                <td>
980                  ...are measured and tracked on an individual patient-level.<br />
981                  <% (7..9).each do |item| %>
982                    <%= f.radio_button :pcqm_20, item %> <%= item %>
983                  <% end %>
984                </td>
985                <td>
986                  ...are measured and tracked on a population-level for the entire
986      ! organization with regular review and quality improvement efforts employed to optimize
986      !  outcomes.<br />
987                  <% (10..12).each do |item| %>
988                    <%= f.radio_button :pcqm_20, item %> <%= item %>
989                  <% end %>
990                </td>
991              </tr>
992            </table>
993        
994            <table class='lined space background-green'>
995              <caption>PART 6: PATIENT-CENTERED INTERACTIONS</caption>
996              <tr>
997                <th>Items</th>
998                <th>Level D</th>
999                <th>Level C</th>
1000               <th>Level B</th>
1001               <th>Level A</th>
1002             </tr>
1003             <tr align="center">
1004               <td>21. Assessing patient and family values and preferences</td>
1005               <td>
1006                 ...is not done.<br />
1007                 <% (1..3).each do |item| %>
1008                   <%= f.radio_button :pcqm_21, item %> <%= item %>
26                                       The SAS System        11:13 Tuesday, September 22, 2015

1009                 <% end %>
1010               </td>
1011               <td>
1012                 ...is done, but not used in planning and organizing care.<br />
1013                 <% (4..6).each do |item| %>
1014                   <%= f.radio_button :pcqm_21, item %> <%= item %>
1015                 <% end %>
1016               </td>
1017               <td>
1018                 ...is done and providers incorporate it in planning and organizing care on
1018     ! an ad hoc basis.<br />
1019                 <% (7..9).each do |item| %>
1020                   <%= f.radio_button :pcqm_21, item %> <%= item %>
1021                 <% end %>
1022               </td>
1023               <td>
1024                 ...is systematically done and incorporated in planning and organizing
1024     ! care.<br />
1025                 <% (10..12).each do |item| %>
1026                   <%= f.radio_button :pcqm_21, item %> <%= item %>
1027                 <% end %>
1028               </td>
1029             </tr>
1030             <tr align="center">
1031               <td>22. Involving patients in decision-making and care</td>
1032               <td>
1033                 ...is not a priority.<br />
1034                 <% (1..3).each do |item| %>
1035                   <%= f.radio_button :pcqm_22, item %> <%= item %>
1036                 <% end %>
1037               </td>
1038               <td>
1039                 ...is accomplished by provision of patient education materials or referrals
1039     !  to classes. <br />
1040                 <% (4..6).each do |item| %>
1041                   <%= f.radio_button :pcqm_22, item %> <%= item %>
1042                 <% end %>
1043               </td>
1044               <td>
1045                 ...is supported and documented by practice teams.<br />
1046                 <% (7..9).each do |item| %>
1047                   <%= f.radio_button :pcqm_22, item %> <%= item %>
1048                 <% end %>
1049               </td>
1050               <td>
1051                 ...is systematically supported by practice teams trained in decision-making
1051     !  techniques.<br />
1052                 <% (10..12).each do |item| %>
1053                   <%= f.radio_button :pcqm_22, item %> <%= item %>
1054                 <% end %>
1055               </td>
1056             </tr>
1057             <tr align="center">
27                                       The SAS System        11:13 Tuesday, September 22, 2015

1058               <td>23. Patient comprehension of verbal and written materials</td>
1059               <td>
1060                 ...is not assessed.<br />
1061                 <% (1..3).each do |item| %>
1062                   <%= f.radio_button :pcqm_23, item %> <%= item %>
1063                 <% end %>
1064               </td>
1065               <td>
1066                 ...is assessed and accomplished by ensuring that materials are at a level
1066     ! and language that patients understand.<br />
1067                 <% (4..6).each do |item| %>
1068                   <%= f.radio_button :pcqm_23, item %> <%= item %>
1069                 <% end %>
1070               </td>
1071               <td>
1072                 ...is assessed and accomplished by hiring multi-lingual staff, and ensuring
1072     !  that both materials and communications are at a level and language that patients
1072     ! understand. <br />
1073                 <% (7..9).each do |item| %>
1074                   <%= f.radio_button :pcqm_23, item %> <%= item %>
1075                 <% end %>
1076               </td>
1077               <td>
1078                 ...is supported at an organizational level by translation services, hiring
1078     ! multi-lingual staff, and training staff in health literacy and communication
1078     ! techniques (such as closing the loop) ensuring that patients know what to do to
1078     ! manage conditi
1079                 <% (10..12).each do |item| %>
1080                   <%= f.radio_button :pcqm_23, item %> <%= item %>
1081                 <% end %>
1082               </td>
1083             </tr>
1084             <tr align="center">
1085               <td>24. Self-management support</td>
1086               <td>
1087                 ...is limited to the distribution of information (pamphlets, booklets).<br
1087     ! />
1088                 <% (1..3).each do |item| %>
1089                   <%= f.radio_button :pcqm_24, item %> <%= item %>
1090                 <% end %>
1091               </td>
1092               <td>
1093                 ...is accomplished by referral to self-management classes or educators.<br
1093     ! />
1094                 <% (4..6).each do |item| %>
1095                   <%= f.radio_button :pcqm_24, item %> <%= item %>
1096                 <% end %>
1097               </td>
1098               <td>
1099                 ...is provided by goal setting and action planning with members of the
1099     ! practice team.<br />
1100                 <% (7..9).each do |item| %>
1101                   <%= f.radio_button :pcqm_24, item %> <%= item %>
28                                       The SAS System        11:13 Tuesday, September 22, 2015

1102                 <% end %>
1103               </td>
1104               <td>
1105                 ...is provided by members of the practice team trained in patient
1105     ! empowerment and problem-solving methodologies.<br />
1106                 <% (10..12).each do |item| %>
1107                   <%= f.radio_button :pcqm_24, item %> <%= item %>
1108                 <% end %>
1109               </td>
1110             </tr>
1111             <tr align="center">
1112               <td>25. The principles of patient-centered care</td>
1113               <td>
1114                 ...are included in the organization's vision and mission statement. <br />
1115                 <% (1..3).each do |item| %>
1116                   <%= f.radio_button :pcqm_25, item %> <%= item %>
1117                 <% end %>
1118               </td>
1119               <td>
1120                 ...are a key organizational priority and included in training and
1120     ! orientation.<br />
WARNING: The quoted string currently being processed has become more than 262 characters long.  
         You might have unbalanced quotation marks.
1121                 <% (4..6).each do |item| %>
1122                   <%= f.radio_button :pcqm_25, item %> <%= item %>
1123                 <% end %>
1124               </td>
1125               <td>
1126                 ...are explicit in job descriptions and performance metrics for all
1126     ! staff.<br />
1127                 <% (7..9).each do |item| %>
1128                   <%= f.radio_button :pcqm_25, item %> <%= item %>
1129                 <% end %>
1130               </td>
1131               <td>
1132                 ...are consistently used to guide organizational changes and measure system
1132     !  performance as well as care interactions at the practice level.<br />
1133                 <% (10..12).each do |item| %>
1134                   <%= f.radio_button :pcqm_25, item %> <%= item %>
1135                 <% end %>
1136               </td>
1137             </tr>
1138             <tr align="center">
1139               <td>26. Measurement of patient-centered interactions</td>
1140               <td>
1141                 ...is not done or is accomplished using a survey administered sporadically
1141     ! at the organization level.<br />
1142                 <% (1..3).each do |item| %>
1143                   <%= f.radio_button :pcqm_26, item %> <%= item %>
1144                 <% end %>
1145               </td>
1146               <td>
1147                 ...is accomplished through patient representation on boards and regularly
29                                       The SAS System        11:13 Tuesday, September 22, 2015

1147     ! soliciting patient input through surveys.<br />
1148                 <% (4..6).each do |item| %>
1149                   <%= f.radio_button :pcqm_26, item %> <%= item %>
1150                 <% end %>
1151               </td>
1152               <td>
1153                 ...is accomplished by getting frequent input from patients and families
1153     ! using a variety of methods such as point of care surveys, focus groups, and ongoing
1153     ! patient advisory groups.<br />
1154                 <% (7..9).each do |item| %>
1155                   <%= f.radio_button :pcqm_26, item %> <%= item %>
1156                 <% end %>
1157               </td>
1158               <td>
1159                 ...is accomplished by getting frequent and actionable input from patients
1159     ! and families on all care delivery issues, and incorporating their feedback in quality
1159     !  improvement activities.<br />
1160                 <% (10..12).each do |item| %>
1161                   <%= f.radio_button :pcqm_26, item %> <%= item %>
1162                 <% end %>
1114                 ...are included in the organization's vision and mission statement. <br />
                                                        _______________________________________
                                                        49
NOTE 49-169: The meaning of an identifier after a quoted string might change in a future SAS 
             release.  Inserting white space between a quoted string and the succeeding 
             identifier is recommended.

1163               </td>
1164             </tr>
1165           </table>
1166       
1167           <table class='lined space background-teal'>
1168             <caption>PART 7: ENHANCED ACCESS</caption>
1169             <tr>
1170               <th>Items</th>
1171               <th>Level D</th>
1172               <th>Level C</th>
1173               <th>Level B</th>
1174               <th>Level A</th>
1175             </tr>
1176             <tr align="center">
1177               <td>27. Appointment systems</td>
1178               <td>
WARNING: The quoted string currently being processed has become more than 262 characters long.  
         You might have unbalanced quotation marks.
1179                 ...are limited to a single office visit type. <br />
1180                 <% (1..3).each do |item| %>
1181                   <%= f.radio_button :pcqm_27, item %> <%= item %>
1182                 <% end %>
1183               </td>
1184               <td>
1185                 ...provide some flexibility in scheduling different visit lengths.<br />
1186                 <% (4..6).each do |item| %>
30                                       The SAS System        11:13 Tuesday, September 22, 2015

1187                   <%= f.radio_button :pcqm_27, item %> <%= item %>
1188                 <% end %>
1189               </td>
1190               <td>
1191                 ...provide flexibility and include capacity for same day visits.<br />
1192                 <% (7..9).each do |item| %>
1193                   <%= f.radio_button :pcqm_27, item %> <%= item %>
1194                 <% end %>
1195               </td>
1196               <td>
1197                 ...are flexible and can accommodate customized visit lengths, same day
1197     ! visits, scheduled follow-up, and multiple provider visits.<br />
1198                 <% (10..12).each do |item| %>
1199                   <%= f.radio_button :pcqm_27, item %> <%= item %>
1200                 <% end %>
1201               </td>
1202             </tr>
1203             <tr align="center">
1204               <td>28. Contacting the practice team during regular business hours</td>
1205               <td>
1206                 ...is difficult.<br />
1207                 <% (1..3).each do |item| %>
1167           <table class='lined space background-teal'>
                                                        __
                                                        49
NOTE 49-169: The meaning of an identifier after a quoted string might change in a future SAS 
             release.  Inserting white space between a quoted string and the succeeding 
             identifier is recommended.

1208                   <%= f.radio_button :pcqm_28, item %> <%= item %>
1209                 <% end %>
1210               </td>
1211               <td>
1212                 ...relies on the practice's ability to respond to telephone messages.<br />
1213                 <% (4..6).each do |item| %>
1214                   <%= f.radio_button :pcqm_28, item %> <%= item %>
1215                 <% end %>
1216               </td>
1217               <td>
1218                 ...is accomplished by staff responding by telephone within the same day.<br
1218     !  />
1219                 <% (7..9).each do |item| %>
1220                   <%= f.radio_button :pcqm_28, item %> <%= item %>
1221                 <% end %>
1222               </td>
1223               <td>
1224                 ...is accomplished by providing a patient a choice between email and phone
1224     ! interaction, utilizing systems which are monitored for timeliness.<br />
1225                 <% (10..12).each do |item| %>
1226                   <%= f.radio_button :pcqm_28, item %> <%= item %>
1227                 <% end %>
1228               </td>
1229             </tr>
31                                       The SAS System        11:13 Tuesday, September 22, 2015

1230             <tr align="center">
1231               <td>29. After-hours access</td>
1232               <td>
1233                 ...is not available or limited to an answering machine.<br />
1234                 <% (1..3).each do |item| %>
1235                   <%= f.radio_button :pcqm_29, item %> <%= item %>
1236                 <% end %>
1237               </td>
1238               <td>
1239                 ...is available from a coverage arrangement without a standardized
1239     ! communication protocol back to the practice for urgent problems.<br />
1240                 <% (4..6).each do |item| %>
1241                   <%= f.radio_button :pcqm_29, item %> <%= item %>
1242                 <% end %>
1243               </td>
1244               <td>
1245                 ...is provided by coverage arrangement that shares necessary patient data
1245     ! and provides a summary to the practice.<br />
1246                 <% (7..9).each do |item| %>
1247                   <%= f.radio_button :pcqm_29, item %> <%= item %>
1248                 <% end %>
1249               </td>
1250               <td>
1251                 ...is available via the patient's choice of email, phone or in-person
1251     ! directly from the practice team or a provider closely in contact with the team and
1251     ! patient information.<br />
1252                 <% (10..12).each do |item| %>
1253                   <%= f.radio_button :pcqm_29, item %> <%= item %>
1254                 <% end %>
WARNING: The quoted string currently being processed has become more than 262 characters long.  
         You might have unbalanced quotation marks.
1251                 ...is available via the patient's choice of email, phone or in-person
                                                    _______________________________________
                                                    49
1251     ! directly from the practice team or a provider closely in contact with the team and
1251     ! patient information.<br />
NOTE 49-169: The meaning of an identifier after a quoted string might change in a future SAS 
             release.  Inserting white space between a quoted string and the succeeding 
             identifier is recommended.

1255               </td>
1256             </tr>
1257             <tr align="center">
1258               <td>30. A patient's insurance coverage issues</td>
1259               <td>
1260                 ...are the responsibility of the patient to resolve.<br />
1261                 <% (1..3).each do |item| %>
1262                   <%= f.radio_button :pcqm_30, item %> <%= item %>
1263                 <% end %>
1264               </td>
1265               <td>
1266                 ...are addressed by the practice's billing department.<br />
1267                 <% (4..6).each do |item| %>
32                                       The SAS System        11:13 Tuesday, September 22, 2015

1268                   <%= f.radio_button :pcqm_30, item %> <%= item %>
1269                 <% end %>
1270               </td>
1271               <td>
1272                 ...are discussed with the patient prior to or during the visit.<br />
1273                 <% (7..9).each do |item| %>
WARNING: The quoted string currently being processed has become more than 262 characters long.  
         You might have unbalanced quotation marks.
1274                   <%= f.radio_button :pcqm_30, item %> <%= item %>
1275                 <% end %>
1276               </td>
1277               <td>
1278                 ...are viewed as a shared responsibility for the patient and an assigned
1278     ! member of the practice to resolve together.<br />
1279                 <% (10..12).each do |item| %>
1280                   <%= f.radio_button :pcqm_30, item %> <%= item %>
1281                 <% end %>
1266                 ...are addressed by the practice's billing department.<br />
                                                     ____________________________
                                                     49
NOTE 49-169: The meaning of an identifier after a quoted string might change in a future SAS 
             release.  Inserting white space between a quoted string and the succeeding 
             identifier is recommended.

1282               </td>
1283             </tr>
1284           </table>
1285       
1286           <table class='lined space background-brown'>
1287             <caption>PART 8: CARE COORDINATION</caption>
1288             <tr>
1289               <th>Items</th>
1290               <th>Level D</th>
1291               <th>Level C</th>
1292               <th>Level B</th>
1293               <th>Level A</th>
1294             </tr>
1295             <tr align="center">
1296               <td>31. Medical and surgical specialty services</td>
WARNING: The quoted string currently being processed has become more than 262 characters long.  
         You might have unbalanced quotation marks.
1297               <td>
1298                 ...are difficult to obtain reliably.<br />
1299                 <% (1..3).each do |item| %>
1300                   <%= f.radio_button :pcqm_31, item %> <%= item %>
1301                 <% end %>
1302               </td>
1303               <td>
1304                 ...are available from community specialists but are neither timely nor
1304     ! convenient.<br />
1305                 <% (4..6).each do |item| %>
1306                   <%= f.radio_button :pcqm_31, item %> <%= item %>
1307                 <% end %>
33                                       The SAS System        11:13 Tuesday, September 22, 2015

1308               </td>
1309               <td>
1310                 ...are available from community specialists and are generally timely and
1310     ! convenient.<br />
1311                 <% (7..9).each do |item| %>
1312                   <%= f.radio_button :pcqm_31, item %> <%= item %>
1313                 <% end %>
1314               </td>
1315               <td>
1316                 ...are readily available from specialists who are members of the care team
1316     ! or who work in an organization with which the practice has a referral protocol or
1316     ! agreement.<br />
1317                 <% (10..12).each do |item| %>
1318                   <%= f.radio_button :pcqm_31, item %> <%= item %>
1319                 <% end %>
1320               </td>
1321             </tr>
1322             <tr align="center">
1323               <td>32. Behavioral health services</td>
1324               <td>
1325                 ...are difficult to obtain reliably.<br />
1326                 <% (1..3).each do |item| %>
1327                   <%= f.radio_button :pcqm_32, item %> <%= item %>
1328                 <% end %>
1329               </td>
1330               <td>
1331                 ...are available from mental health specialists but are neither timely nor
1331     ! convenient.<br />
1332                 <% (4..6).each do |item| %>
1333                   <%= f.radio_button :pcqm_32, item %> <%= item %>
1334                 <% end %>
1335               </td>
1336               <td>
1337                 ...are available from community specialists and are generally timely and
1337     ! convenient. <br />
1338                 <% (7..9).each do |item| %>
1339                   <%= f.radio_button :pcqm_32, item %> <%= item %>
1340                 <% end %>
1341               </td>
1342               <td>
1343                 ...are readily available from behavioral health specialists who are on-site
1343     !  members of the care team or who work in a community organization with which the
1343     ! practice has a referral protocol or agreement.<br />
1344                 <% (10..12).each do |item| %>
1345                   <%= f.radio_button :pcqm_32, item %> <%= item %>
1346                 <% end %>
1347               </td>
1348             </tr>
1349             <tr align="center">
1350               <td>33. Patients in need of specialty care, hospital care, or supportive
1350     ! community-based resources</td>
1351               <td>
1352                 ...cannot reliably obtain needed referrals to partners with whom the
34                                       The SAS System        11:13 Tuesday, September 22, 2015

1352     ! practice has a relationship.<br />
1353                 <% (1..3).each do |item| %>
1354                   <%= f.radio_button :pcqm_33, item %> <%= item %>
1355                 <% end %>
1356               </td>
1357               <td>
1358                 ...obtain needed referrals to partners with whom the practice has a
1358     ! relationship.<br />
1359                 <% (4..6).each do |item| %>
1360                   <%= f.radio_button :pcqm_33, item %> <%= item %>
1361                 <% end %>
1362               </td>
1363               <td>
1364                 ...obtain needed referrals to partners with whom the practice has a
1364     ! relationship and relevant information is communicated in advance.<br />
1365                 <% (7..9).each do |item| %>
1366                   <%= f.radio_button :pcqm_33, item %> <%= item %>
1367                 <% end %>
1368               </td>
1369               <td>
1370                 ...obtain needed referrals to partners with whom the practice has a
1370     ! relationship, relevant information is communicated in advance, and timely follow-up
1370     ! after the visit occurs. <br />
1371                 <% (10..12).each do |item| %>
1372                   <%= f.radio_button :pcqm_33, item %> <%= item %>
1373                 <% end %>
1374               </td>
1375             </tr>
1376             <tr align="center">
1377               <td>34. Follow-up by the primary care practice with patients seen in the
1377     ! Emergency Room or hospital</td>
1378               <td>
1379                 ...generally does not occur because the information is not available to the
1379     !  primary care team.<br />
1380                 <% (1..3).each do |item| %>
1381                   <%= f.radio_button :pcqm_34, item %> <%= item %>
1382                 <% end %>
1383               </td>
1384               <td>
1385                 ...occurs only if the ER or hospital alerts the primary care practice.<br
1385     ! />
1386                 <% (4..6).each do |item| %>
1387                   <%= f.radio_button :pcqm_34, item %> <%= item %>
1388                 <% end %>
1389               </td>
1390               <td>
1391                 ...occurs because the primary care practice makes proactive efforts to
1391     ! identify patients.<br />
1392                 <% (7..9).each do |item| %>
1393                   <%= f.radio_button :pcqm_34, item %> <%= item %>
1394                 <% end %>
1395               </td>
1396               <td>
35                                       The SAS System        11:13 Tuesday, September 22, 2015

1397                 ...is done routinely because the primary care practice has arrangements in
1397     ! place with the ER and hospital to both track these patients and ensure that follow-up
1397     !  is completed within a few days.<br />
1398                 <% (10..12).each do |item| %>
1399                   <%= f.radio_button :pcqm_34, item %> <%= item %>
1400                 <% end %>
1401               </td>
1402             </tr>
1403             <tr align="center">
1404               <td>35. Linking patients to supportive community-based resources</td>
1405               <td>
1406                 ...is not done systematically.<br />
1407                 <% (1..3).each do |item| %>
1408                   <%= f.radio_button :pcqm_35, item %> <%= item %>
1409                 <% end %>
1410               </td>
1411               <td>
1412                 ...is limited to providing patients a list of identified community
1412     ! resources in an accessible format.<br />
1413                 <% (4..6).each do |item| %>
1414                   <%= f.radio_button :pcqm_35, item %> <%= item %>
1415                 <% end %>
1416               </td>
1417               <td>
1418                 ...is accomplished through a designated staff person or resource
1418     ! responsible for connecting patients with community resources.<br />
1419                 <% (7..9).each do |item| %>
1420                   <%= f.radio_button :pcqm_35, item %> <%= item %>
1421                 <% end %>
1422               </td>
1423               <td>
1424                 ...is accomplished through active coordination between the health system,
1424     ! community service agencies and patients and accomplished by a designated staff
1424     ! person.<br />
1425                 <% (10..12).each do |item| %>
1426                   <%= f.radio_button :pcqm_35, item %> <%= item %>
1427                 <% end %>
1428               </td>
1429             </tr>
1430             <tr align="center">
1431               <td>36. Test results and care plans</td>
1432               <td>
1433                 ...are not communicated to patients. <br />
1434                 <% (1..3).each do |item| %>
1435                   <%= f.radio_button :pcqm_36, item %> <%= item %>
1436                 <% end %>
1437               </td>
1438               <td>
1439                 ...are communicated to patients based on an ad hoc approach.<br />
1440                 <% (4..6).each do |item| %>
1441                   <%= f.radio_button :pcqm_36, item %> <%= item %>
1442                 <% end %>
1443               </td>
36                                       The SAS System        11:13 Tuesday, September 22, 2015

1444               <td>
1445                 ...are systematically communicated to patients in a way that is convenient
1445     ! to the practice.<br />
1446                 <% (7..9).each do |item| %>
1447                   <%= f.radio_button :pcqm_36, item %> <%= item %>
1448                 <% end %>
1449               </td>
1450               <td>
1451                 ...are systematically communicated to patients in a variety of ways that
1451     ! are convenient to patients.<br />
1452                 <% (10..12).each do |item| %>
1453                   <%= f.radio_button :pcqm_36, item %> <%= item %>
1454                 <% end %>
1455               </td>
1456             </tr>
1457           </table>
1458         </div>
1286           <table class='lined space background-brown'>
                                                         __
                                                         49
NOTE 49-169: The meaning of an identifier after a quoted string might change in a future SAS 
             release.  Inserting white space between a quoted string and the succeeding 
             identifier is recommended.

1459       
1460         <div>
1461           <p> Have there been any of the following major changes in this practice in the
1461     ! <span>last 12 months</span><span>last 3 months</span>?</p>
1462           <caption>Disruptions to Practice</caption>
1463           <table class='lined space'>
1464             <tr>
1465               <td><%= f.label :prac_change_ehr, "Implemented a new or different Electronic
1465     ! Health Record (EHR)" %></td>
1466               <td><%= f.check_box :prac_change_ehr %></td>
1467             </tr>
1468             <tr>
1469               <td><%= f.label :prac_change_newlocation, "Moved to a new location" %></td>
WARNING: The quoted string currently being processed has become more than 262 characters long.  
         You might have unbalanced quotation marks.
1470               <td><%= f.check_box :prac_change_newlocation %></td>
1471             </tr>
1472             <tr>
1473               <td><%= f.label :prac_change_lost_clin, "Lost one or more clinicians" %></td>
1474               <td><%= f.check_box :prac_change_lost_clin %></td>
1475             </tr>
1476             <tr>
1477               <td><%= f.label :prac_change_lost_om, "Lost one or more office managers or
1477     ! head nurses" %></td>
1478               <td><%= f.check_box :prac_change_lost_om %></td>
1479             </tr>
1480             <tr>
1481               <td><%= f.label :prac_change_boughtover, "Been purchased by or affiliated
1481     ! with a larger organization" %></td>
37                                       The SAS System        11:13 Tuesday, September 22, 2015

1482               <td><%= f.check_box :prac_change_boughtover %></td>
1483             </tr>
1484             <tr>
1485               <td><%= f.label :prac_change_billing, "New billing system" %></td>
1486               <td><%= f.check_box :prac_change_billing %></td>
1487             </tr>
1488             <tr>
1489               <td><%= f.label :prac_change_other, "Other" %></td>
1490               <td><%= f.check_box :prac_change_other %></td>
1491             </tr>
1492             <tr>
1493               <td><%= f.label :prac_change_specify, "Please specify:" %></td>
1494               <td><%= f.text_area :prac_change_specify, cols: 60, rows: 3 %></td>
1495             </tr>
1496           </table>
1497         </div>
1498       
1499         <div class="actions">
1500           <%= f.submit "Save Contact" %>
1501         </div>
1502       <% end %>

ERROR: Errors printed on pages 1,2,3,4,5,6,9,10,16.

NOTE: SAS Institute Inc., SAS Campus Drive, Cary, NC USA 27513-2414
NOTE: The SAS System used:
      real time           2.37 seconds
      cpu time            0.67 seconds
      
